d:\김태윤\6개월차\99a\framework99a\engine\resources\includes\debug\vc140.pdb
d:\김태윤\6개월차\99a\framework99a\engine\resources\includes\debug\vc140.idb
d:\김태윤\6개월차\99a\framework99a\engine\resources\includes\debug\rccol.obj
d:\김태윤\6개월차\99a\framework99a\engine\resources\includes\debug\rctex.obj
d:\김태윤\6개월차\99a\framework99a\engine\resources\includes\debug\resourcemgr.obj
d:\김태윤\6개월차\99a\framework99a\engine\resources\includes\debug\resources.obj
d:\김태윤\6개월차\99a\framework99a\engine\resources\includes\debug\terraincol.obj
d:\김태윤\6개월차\99a\framework99a\engine\resources\includes\debug\terraintex.obj
d:\김태윤\6개월차\99a\framework99a\engine\resources\includes\debug\texture.obj
d:\김태윤\6개월차\99a\framework99a\engine\resources\includes\debug\tricol.obj
d:\김태윤\6개월차\99a\framework99a\engine\resources\includes\debug\vibuffer.obj
d:\김태윤\6개월차\99a\framework99a\engine\resources\bin\resources.ilk
d:\김태윤\6개월차\99a\framework99a\engine\resources\bin\resources.dll
d:\김태윤\6개월차\99a\framework99a\engine\resources\bin\resources.pdb
d:\김태윤\6개월차\99a\framework99a\engine\resources\bin\resources.lib
d:\김태윤\6개월차\99a\framework99a\engine\resources\bin\resources.exp
d:\김태윤\6개월차\99a\framework99a\engine\resources\includes\../bin/resources.dll
d:\김태윤\6개월차\99a\framework99a\engine\resources\includes\debug\resources.tlog\cl.command.1.tlog
d:\김태윤\6개월차\99a\framework99a\engine\resources\includes\debug\resources.tlog\cl.read.1.tlog
d:\김태윤\6개월차\99a\framework99a\engine\resources\includes\debug\resources.tlog\cl.write.1.tlog
d:\김태윤\6개월차\99a\framework99a\engine\resources\includes\debug\resources.tlog\link.command.1.tlog
d:\김태윤\6개월차\99a\framework99a\engine\resources\includes\debug\resources.tlog\link.read.1.tlog
d:\김태윤\6개월차\99a\framework99a\engine\resources\includes\debug\resources.tlog\link.write.1.tlog
d:\김태윤\6개월차\99a\framework99a\engine\resources\includes\debug\resources.tlog\resources.write.1u.tlog
