c:\users\administrator\documents\visual studio 2015\projects\sr_oldman\oldman\tool\debug\tool.pch
c:\users\administrator\documents\visual studio 2015\projects\sr_oldman\oldman\tool\debug\vc140.pdb
c:\users\administrator\documents\visual studio 2015\projects\sr_oldman\oldman\tool\debug\vc140.idb
c:\users\administrator\documents\visual studio 2015\projects\sr_oldman\oldman\tool\debug\stdafx.obj
c:\users\administrator\documents\visual studio 2015\projects\sr_oldman\oldman\tool\debug\myformview.obj
c:\users\administrator\documents\visual studio 2015\projects\sr_oldman\oldman\tool\debug\tool.obj
c:\users\administrator\documents\visual studio 2015\projects\sr_oldman\oldman\tool\debug\tooldoc.obj
c:\users\administrator\documents\visual studio 2015\projects\sr_oldman\oldman\tool\debug\toolview.obj
c:\users\administrator\documents\visual studio 2015\projects\sr_oldman\oldman\tool\debug\mainfrm.obj
c:\users\administrator\documents\visual studio 2015\projects\sr_oldman\oldman\debug\tool.ilk
c:\users\administrator\documents\visual studio 2015\projects\sr_oldman\oldman\debug\tool.exe
c:\users\administrator\documents\visual studio 2015\projects\sr_oldman\oldman\debug\tool.pdb
c:\users\administrator\documents\visual studio 2015\projects\sr_oldman\oldman\tool\debug\tool.res
c:\users\administrator\documents\visual studio 2015\projects\sr_oldman\oldman\tool\debug\tool.tlog\cl.command.1.tlog
c:\users\administrator\documents\visual studio 2015\projects\sr_oldman\oldman\tool\debug\tool.tlog\cl.read.1.tlog
c:\users\administrator\documents\visual studio 2015\projects\sr_oldman\oldman\tool\debug\tool.tlog\cl.write.1.tlog
c:\users\administrator\documents\visual studio 2015\projects\sr_oldman\oldman\tool\debug\tool.tlog\link.command.1.tlog
c:\users\administrator\documents\visual studio 2015\projects\sr_oldman\oldman\tool\debug\tool.tlog\link.read.1.tlog
c:\users\administrator\documents\visual studio 2015\projects\sr_oldman\oldman\tool\debug\tool.tlog\link.write.1.tlog
c:\users\administrator\documents\visual studio 2015\projects\sr_oldman\oldman\tool\debug\tool.tlog\rc.command.1.tlog
c:\users\administrator\documents\visual studio 2015\projects\sr_oldman\oldman\tool\debug\tool.tlog\rc.read.1.tlog
c:\users\administrator\documents\visual studio 2015\projects\sr_oldman\oldman\tool\debug\tool.tlog\rc.write.1.tlog
